[ 2016-10-08T21:23:58+08:00 ] 127.0.0.1 /
INFO: [ app_init ] --START--
INFO: Run Behavior\BuildLiteBehavior [ RunTime:0.000022s ]
INFO: [ app_init ] --END-- [ RunTime:0.011077s ]
INFO: [ app_begin ] --START--
INFO: Run Behavior\ReadHtmlCacheBehavior [ RunTime:0.013752s ]
INFO: [ app_begin ] --END-- [ RunTime:0.013812s ]
INFO: [ view_parse ] --START--
INFO: [ template_filter ] --START--
INFO: Run Behavior\ContentReplaceBehavior [ RunTime:0.000042s ]
INFO: [ template_filter ] --END-- [ RunTime:0.000085s ]
INFO: Run Behavior\ParseTemplateBehavior [ RunTime:0.112461s ]
INFO: [ view_parse ] --END-- [ RunTime:0.112538s ]
INFO: [ view_filter ] --START--
INFO: Run Behavior\WriteHtmlCacheBehavior [ RunTime:0.009252s ]
INFO: [ view_filter ] --END-- [ RunTime:0.009304s ]
INFO: [ app_end ] --START--
INFO: Run Behavior\ShowPageTraceBehavior [ RunTime:0.008054s ]
INFO: [ app_end ] --END-- [ RunTime:0.008100s ]

[ 2016-10-08T21:24:09+08:00 ] 127.0.0.1 /home/index/test
INFO: [ app_init ] --START--
INFO: Run Behavior\BuildLiteBehavior [ RunTime:0.000014s ]
INFO: [ app_init ] --END-- [ RunTime:0.000615s ]
INFO: [ app_begin ] --START--
INFO: Run Behavior\ReadHtmlCacheBehavior [ RunTime:0.000734s ]
INFO: [ app_begin ] --END-- [ RunTime:0.000799s ]
NOTIC: [8] Undefined index:  D:\WWW\task7\ThinkPHP\Library\Org\Util\Rbac.class.php 第 108 行.
ERR: 1054:Unknown column 'access.status' in 'where clause'
 [ SQL语句 ] : select access.node_id from think_role as role,think_role_user as user,think_access as access where user.user_id='' and user.role_id=role.id and ( access.role_id=role.id  or (access.role_id=role.pid and role.pid!=0 ) ) and role.status=1 and  access.module='Index' and access.status=1
ERR: 1054:Unknown column 'access.status' in 'where clause'
 [ SQL语句 ] : select access.node_id from think_role as role,think_role_user as user,think_access as access where user.user_id='' and user.role_id=role.id and ( access.role_id=role.id  or (access.role_id=role.pid and role.pid!=0 ) ) and role.status=1 and  access.module='Index' and access.status=1

[ 2016-10-08T21:27:33+08:00 ] 127.0.0.1 /home/index/test
INFO: [ app_init ] --START--
INFO: Run Behavior\BuildLiteBehavior [ RunTime:0.000008s ]
INFO: [ app_init ] --END-- [ RunTime:0.000389s ]
INFO: [ app_begin ] --START--
INFO: Run Behavior\ReadHtmlCacheBehavior [ RunTime:0.000446s ]
INFO: [ app_begin ] --END-- [ RunTime:0.000486s ]
NOTIC: [8] Undefined index:  D:\WWW\task7\ThinkPHP\Library\Org\Util\Rbac.class.php 第 108 行.
SQL: select access.node_id from think_role as role,think_role_user as user,think_access as access where user.user_id='' and user.role_id=role.id and ( access.role_id=role.id  or (access.role_id=role.pid and role.pid!=0 ) ) and role.status=1 and  access.module='Index'  [ RunTime:0.0018s ]
INFO: [ app_end ] --START--
INFO: Run Behavior\ShowPageTraceBehavior [ RunTime:0.002307s ]
INFO: [ app_end ] --END-- [ RunTime:0.002466s ]

[ 2016-10-08T21:27:46+08:00 ] 127.0.0.1 /home/index/test
INFO: [ app_init ] --START--
INFO: Run Behavior\BuildLiteBehavior [ RunTime:0.000013s ]
INFO: [ app_init ] --END-- [ RunTime:0.000587s ]
INFO: [ app_begin ] --START--
INFO: Run Behavior\ReadHtmlCacheBehavior [ RunTime:0.000726s ]
INFO: [ app_begin ] --END-- [ RunTime:0.000782s ]
NOTIC: [8] Undefined index:  D:\WWW\task7\ThinkPHP\Library\Org\Util\Rbac.class.php 第 108 行.
ERR: 1054:Unknown column 'access.status' in 'where clause'
 [ SQL语句 ] : select access.node_id from think_role as role,think_role_user as user,think_access as access where user.user_id='' and user.role_id=role.id and ( access.role_id=role.id  or (access.role_id=role.pid and role.pid!=0 ) ) and role.status=1 and  access.module='Index' and access.status=1
ERR: 1054:Unknown column 'access.status' in 'where clause'
 [ SQL语句 ] : select access.node_id from think_role as role,think_role_user as user,think_access as access where user.user_id='' and user.role_id=role.id and ( access.role_id=role.id  or (access.role_id=role.pid and role.pid!=0 ) ) and role.status=1 and  access.module='Index' and access.status=1

