[ 2016-12-25T00:39:19+08:00 ] 183.197.99.111 /index.php?s=/index.php/admin/index/index.html
INFO: [ app_init ] --START--
INFO: Run Behavior\BuildLiteBehavior [ RunTime:0.000012s ]
INFO: [ app_init ] --END-- [ RunTime:0.000257s ]
ERR: 无法加载模块:Index.php

[ 2016-12-25T03:37:17+08:00 ] 183.57.53.196 /index.php/index.js.map
INFO: [ app_init ] --START--
INFO: Run Behavior\BuildLiteBehavior [ RunTime:0.000012s ]
INFO: [ app_init ] --END-- [ RunTime:0.000341s ]
ERR: 无法加载模块:Index.js

[ 2016-12-25T09:27:28+08:00 ] 111.161.57.31 /index.php/weixin/weixin/login?code=011XwsVE11Yvn30vShWE12ftVE1XwsVb&state=2
INFO: [ app_init ] --START--
INFO: Run Behavior\BuildLiteBehavior [ RunTime:0.000013s ]
INFO: [ app_init ] --END-- [ RunTime:0.000266s ]
ERR: 无法加载模块:Weixin

[ 2016-12-25T13:02:47+08:00 ] 101.226.68.215 /index.php/weixin/weixin/login?code%3D011XwsVE11Yvn30vShWE12ftVE1XwsVb%26state%3D2
INFO: [ app_init ] --START--
INFO: Run Behavior\BuildLiteBehavior [ RunTime:0.000020s ]
INFO: [ app_init ] --END-- [ RunTime:0.000414s ]
ERR: 无法加载模块:Weixin

[ 2016-12-25T13:03:04+08:00 ] 101.226.89.122 /index.php/weixin/weixin/login?code%3D011XwsVE11Yvn30vShWE12ftVE1XwsVb%26state%3D2
INFO: [ app_init ] --START--
INFO: Run Behavior\BuildLiteBehavior [ RunTime:0.000019s ]
INFO: [ app_init ] --END-- [ RunTime:0.000361s ]
ERR: 无法加载模块:Weixin

[ 2016-12-25T17:15:52+08:00 ] 101.226.89.122 /index.php/weixin/weixin/login?code%253D011XwsVE11Yvn30vShWE12ftVE1XwsVb%2526state%253D2
INFO: [ app_init ] --START--
INFO: Run Behavior\BuildLiteBehavior [ RunTime:0.000013s ]
INFO: [ app_init ] --END-- [ RunTime:0.000299s ]
ERR: 无法加载模块:Weixin

[ 2016-12-25T20:13:57+08:00 ] 123.151.42.57 /index.php/weixin/weixin/login?code=021hqZku0FwRXd1FTQju0hAdlu0hqZkl&state=1
INFO: [ app_init ] --START--
INFO: Run Behavior\BuildLiteBehavior [ RunTime:0.000013s ]
INFO: [ app_init ] --END-- [ RunTime:0.000272s ]
ERR: 无法加载模块:Weixin

[ 2016-12-25T20:14:57+08:00 ] 123.151.42.57 /index.php/weixin/weixin/login?code=0011bRj21gPz6M1A7Sj21MD9k211bRjv&state=1
INFO: [ app_init ] --START--
INFO: Run Behavior\BuildLiteBehavior [ RunTime:0.000025s ]
INFO: [ app_init ] --END-- [ RunTime:0.000416s ]
ERR: 无法加载模块:Weixin

[ 2016-12-25T21:14:17+08:00 ] 183.197.99.26 /index.php?s=/index.php/admin/log/login.html
INFO: [ app_init ] --START--
INFO: Run Behavior\BuildLiteBehavior [ RunTime:0.000012s ]
INFO: [ app_init ] --END-- [ RunTime:0.000250s ]
ERR: 无法加载模块:Index.php

[ 2016-12-25T21:15:20+08:00 ] 183.197.99.26 /index.php?s=/index.php/admin/log/login.html
INFO: [ app_init ] --START--
INFO: Run Behavior\BuildLiteBehavior [ RunTime:0.000013s ]
INFO: [ app_init ] --END-- [ RunTime:0.000354s ]
ERR: 无法加载模块:Index.php

[ 2016-12-25T21:15:43+08:00 ] 183.197.99.26 /index.php?s=/index.php/admin/log/login.html
INFO: [ app_init ] --START--
INFO: Run Behavior\BuildLiteBehavior [ RunTime:0.000018s ]
INFO: [ app_init ] --END-- [ RunTime:0.000431s ]
ERR: 无法加载模块:Index.php

[ 2016-12-25T21:17:28+08:00 ] 119.147.146.60 /index.php?s=/index.php/admin/log/login.html
INFO: [ app_init ] --START--
INFO: Run Behavior\BuildLiteBehavior [ RunTime:0.000014s ]
INFO: [ app_init ] --END-- [ RunTime:0.000256s ]
ERR: 无法加载模块:Index.php

[ 2016-12-25T21:17:30+08:00 ] 119.147.146.60 /index.php?s=/index.php/admin/log/login.html
INFO: [ app_init ] --START--
INFO: Run Behavior\BuildLiteBehavior [ RunTime:0.000013s ]
INFO: [ app_init ] --END-- [ RunTime:0.000284s ]
ERR: 无法加载模块:Index.php

[ 2016-12-25T21:17:31+08:00 ] 183.197.99.26 /index.php?s=/index.php/admin/log/login.html
INFO: [ app_init ] --START--
INFO: Run Behavior\BuildLiteBehavior [ RunTime:0.000012s ]
INFO: [ app_init ] --END-- [ RunTime:0.000263s ]
ERR: 无法加载模块:Index.php

[ 2016-12-25T21:17:44+08:00 ] 183.197.99.26 /index.php?s=/index.php/admin/log/login.html
INFO: [ app_init ] --START--
INFO: Run Behavior\BuildLiteBehavior [ RunTime:0.000017s ]
INFO: [ app_init ] --END-- [ RunTime:0.000364s ]
ERR: 无法加载模块:Index.php

[ 2016-12-25T21:17:46+08:00 ] 183.197.99.26 /index.php?s=/index.php/admin/log/login.html
INFO: [ app_init ] --START--
INFO: Run Behavior\BuildLiteBehavior [ RunTime:0.000018s ]
INFO: [ app_init ] --END-- [ RunTime:0.000394s ]
ERR: 无法加载模块:Index.php

[ 2016-12-25T21:17:47+08:00 ] 183.197.99.26 /index.php?s=/index.php/admin/log/login.html
INFO: [ app_init ] --START--
INFO: Run Behavior\BuildLiteBehavior [ RunTime:0.000028s ]
INFO: [ app_init ] --END-- [ RunTime:0.000522s ]
ERR: 无法加载模块:Index.php

[ 2016-12-25T21:17:48+08:00 ] 183.197.99.26 /index.php?s=/index.php/admin/log/login.html
INFO: [ app_init ] --START--
INFO: Run Behavior\BuildLiteBehavior [ RunTime:0.000014s ]
INFO: [ app_init ] --END-- [ RunTime:0.000289s ]
ERR: 无法加载模块:Index.php

[ 2016-12-25T21:17:49+08:00 ] 183.197.99.26 /index.php?s=/index.php/admin/log/login.html
INFO: [ app_init ] --START--
INFO: Run Behavior\BuildLiteBehavior [ RunTime:0.000016s ]
INFO: [ app_init ] --END-- [ RunTime:0.000383s ]
ERR: 无法加载模块:Index.php

[ 2016-12-25T21:18:11+08:00 ] 183.197.99.26 /index.php?s=/index.php/admin/log/login.html
INFO: [ app_init ] --START--
INFO: Run Behavior\BuildLiteBehavior [ RunTime:0.000012s ]
INFO: [ app_init ] --END-- [ RunTime:0.000259s ]
ERR: 无法加载模块:Index.php

[ 2016-12-25T21:20:57+08:00 ] 183.197.99.26 /index.php/old/admin
INFO: [ app_init ] --START--
INFO: Run Behavior\BuildLiteBehavior [ RunTime:0.000013s ]
INFO: [ app_init ] --END-- [ RunTime:0.000538s ]
ERR: 无法加载模块:Old

[ 2016-12-25T21:21:05+08:00 ] 183.197.99.26 /index.php?s=/index.php/admin/log/login.html
INFO: [ app_init ] --START--
INFO: Run Behavior\BuildLiteBehavior [ RunTime:0.000012s ]
INFO: [ app_init ] --END-- [ RunTime:0.000291s ]
ERR: 无法加载模块:Index.php

[ 2016-12-25T21:21:56+08:00 ] 183.197.99.180 /index.php?s=/index.php/admin/log/login.html
INFO: [ app_init ] --START--
INFO: Run Behavior\BuildLiteBehavior [ RunTime:0.000014s ]
INFO: [ app_init ] --END-- [ RunTime:0.000341s ]
ERR: 无法加载模块:Index.php

