[ 2016-12-24T01:09:11+08:00 ] 180.153.201.15 /index.php/weixin/weixin/login?code%25252525253D021pgK2T0o4feU1BS42T0c2L2T0pgK2L%252525252526state%25252525253D3
INFO: [ app_init ] --START--
INFO: Run Behavior\BuildLiteBehavior [ RunTime:0.000011s ]
INFO: [ app_init ] --END-- [ RunTime:0.000268s ]
ERR: 无法加载模块:Weixin

[ 2016-12-24T01:52:13+08:00 ] 101.226.33.203 /index.php/index.js.map
INFO: [ app_init ] --START--
INFO: Run Behavior\BuildLiteBehavior [ RunTime:0.000012s ]
INFO: [ app_init ] --END-- [ RunTime:0.000264s ]
ERR: 无法加载模块:Index.js

[ 2016-12-24T04:54:14+08:00 ] 101.226.89.120 /index.php/weixin/weixin/login?code%2525252525253D021pgK2T0o4feU1BS42T0c2L2T0pgK2L%25252525252526state%2525252525253D3
INFO: [ app_init ] --START--
INFO: Run Behavior\BuildLiteBehavior [ RunTime:0.000018s ]
INFO: [ app_init ] --END-- [ RunTime:0.000261s ]
ERR: 无法加载模块:Weixin

[ 2016-12-24T04:54:26+08:00 ] 124.161.240.22 /index.php/weixin/weixin/login?code%2525252525253D021pgK2T0o4feU1BS42T0c2L2T0pgK2L%25252525252526state%2525252525253D3
INFO: [ app_init ] --START--
INFO: Run Behavior\BuildLiteBehavior [ RunTime:0.000011s ]
INFO: [ app_init ] --END-- [ RunTime:0.000269s ]
ERR: 无法加载模块:Weixin

[ 2016-12-24T08:35:14+08:00 ] 180.153.206.24 /index.php/weixin/weixin/login?code%252525252525253D021pgK2T0o4feU1BS42T0c2L2T0pgK2L%2525252525252526state%252525252525253D3
INFO: [ app_init ] --START--
INFO: Run Behavior\BuildLiteBehavior [ RunTime:0.000012s ]
INFO: [ app_init ] --END-- [ RunTime:0.000297s ]
ERR: 无法加载模块:Weixin

[ 2016-12-24T08:39:06+08:00 ] 43.224.52.50 /index.php/weixin/weixin/login?code=0119GsXD16ZmM10VuSWD1dDwXD19GsXw&state=4
INFO: [ app_init ] --START--
INFO: Run Behavior\BuildLiteBehavior [ RunTime:0.000013s ]
INFO: [ app_init ] --END-- [ RunTime:0.000266s ]
ERR: 无法加载模块:Weixin

[ 2016-12-24T08:39:13+08:00 ] 43.224.52.50 /index.php/weixin/weixin/login?code=0417WLGm1SCZkl0IyDGm1l6DGm17WLGt&state=3
INFO: [ app_init ] --START--
INFO: Run Behavior\BuildLiteBehavior [ RunTime:0.000026s ]
INFO: [ app_init ] --END-- [ RunTime:0.000288s ]
ERR: 无法加载模块:Weixin

[ 2016-12-24T08:39:15+08:00 ] 101.226.65.105 /index.php/weixin/weixin/login
INFO: [ app_init ] --START--
INFO: Run Behavior\BuildLiteBehavior [ RunTime:0.000012s ]
INFO: [ app_init ] --END-- [ RunTime:0.000253s ]
ERR: 无法加载模块:Weixin

[ 2016-12-24T08:39:21+08:00 ] 61.151.226.199 /index.php/weixin/weixin/login
INFO: [ app_init ] --START--
INFO: Run Behavior\BuildLiteBehavior [ RunTime:0.000012s ]
INFO: [ app_init ] --END-- [ RunTime:0.000264s ]
ERR: 无法加载模块:Weixin

[ 2016-12-24T08:39:23+08:00 ] 101.226.99.197 /index.php/weixin/weixin/login
INFO: [ app_init ] --START--
INFO: Run Behavior\BuildLiteBehavior [ RunTime:0.000011s ]
INFO: [ app_init ] --END-- [ RunTime:0.000236s ]
ERR: 无法加载模块:Weixin

[ 2016-12-24T08:39:23+08:00 ] 101.226.125.111 /index.php/weixin/weixin/login
INFO: [ app_init ] --START--
INFO: Run Behavior\BuildLiteBehavior [ RunTime:0.000017s ]
INFO: [ app_init ] --END-- [ RunTime:0.000277s ]
ERR: 无法加载模块:Weixin

[ 2016-12-24T08:39:24+08:00 ] 101.226.33.218 /index.php/weixin/weixin/login
INFO: [ app_init ] --START--
INFO: Run Behavior\BuildLiteBehavior [ RunTime:0.000012s ]
INFO: [ app_init ] --END-- [ RunTime:0.000271s ]
ERR: 无法加载模块:Weixin

[ 2016-12-24T23:52:14+08:00 ] 183.197.99.48 /index.php/index.js.map
INFO: [ app_init ] --START--
INFO: Run Behavior\BuildLiteBehavior [ RunTime:0.000011s ]
INFO: [ app_init ] --END-- [ RunTime:0.000233s ]
ERR: 无法加载模块:Index.js

[ 2016-12-24T23:52:15+08:00 ] 183.197.99.48 /index.php/index.js.map
INFO: [ app_init ] --START--
INFO: Run Behavior\BuildLiteBehavior [ RunTime:0.000015s ]
INFO: [ app_init ] --END-- [ RunTime:0.000275s ]
ERR: 无法加载模块:Index.js

[ 2016-12-24T23:52:16+08:00 ] 183.197.99.48 /index.php/index.js.map
INFO: [ app_init ] --START--
INFO: Run Behavior\BuildLiteBehavior [ RunTime:0.000013s ]
INFO: [ app_init ] --END-- [ RunTime:0.000254s ]
ERR: 无法加载模块:Index.js

[ 2016-12-24T23:52:28+08:00 ] 183.197.99.48 /index.php/index.js.map
INFO: [ app_init ] --START--
INFO: Run Behavior\BuildLiteBehavior [ RunTime:0.000011s ]
INFO: [ app_init ] --END-- [ RunTime:0.000268s ]
ERR: 无法加载模块:Index.js

[ 2016-12-24T23:58:04+08:00 ] 183.197.99.48 /index.php/index.js.map
INFO: [ app_init ] --START--
INFO: Run Behavior\BuildLiteBehavior [ RunTime:0.000011s ]
INFO: [ app_init ] --END-- [ RunTime:0.000274s ]
ERR: 无法加载模块:Index.js

[ 2016-12-24T23:58:04+08:00 ] 183.197.99.48 /index.php/index.js.map
INFO: [ app_init ] --START--
INFO: Run Behavior\BuildLiteBehavior [ RunTime:0.000012s ]
INFO: [ app_init ] --END-- [ RunTime:0.000251s ]
ERR: 无法加载模块:Index.js

[ 2016-12-24T23:58:05+08:00 ] 183.197.99.48 /index.php/index.js.map
INFO: [ app_init ] --START--
INFO: Run Behavior\BuildLiteBehavior [ RunTime:0.000011s ]
INFO: [ app_init ] --END-- [ RunTime:0.000242s ]
ERR: 无法加载模块:Index.js

[ 2016-12-24T23:58:20+08:00 ] 183.197.99.48 /index.php/index.js.map
INFO: [ app_init ] --START--
INFO: Run Behavior\BuildLiteBehavior [ RunTime:0.000015s ]
INFO: [ app_init ] --END-- [ RunTime:0.000296s ]
ERR: 无法加载模块:Index.js

