[ 2016-12-23T10:25:05+08:00 ] 183.197.99.155 /index.php/index.js.map
INFO: [ app_init ] --START--
INFO: Run Behavior\BuildLiteBehavior [ RunTime:0.000018s ]
INFO: [ app_init ] --END-- [ RunTime:0.000378s ]
ERR: 无法加载模块:Index.js

[ 2016-12-23T10:57:23+08:00 ] 183.197.99.155 /index.php?s=/index.php/admin/index/index.html
INFO: [ app_init ] --START--
INFO: Run Behavior\BuildLiteBehavior [ RunTime:0.000012s ]
INFO: [ app_init ] --END-- [ RunTime:0.000265s ]
ERR: 无法加载模块:Index.php

[ 2016-12-23T11:00:17+08:00 ] 183.197.99.155 /index.php?s=/index.php/admin/log/logout.html
INFO: [ app_init ] --START--
INFO: Run Behavior\BuildLiteBehavior [ RunTime:0.000011s ]
INFO: [ app_init ] --END-- [ RunTime:0.000258s ]
ERR: 无法加载模块:Index.php

[ 2016-12-23T11:03:36+08:00 ] 183.197.99.155 /index.php?s=/index.php/admin/log/logout.html
INFO: [ app_init ] --START--
INFO: Run Behavior\BuildLiteBehavior [ RunTime:0.000013s ]
INFO: [ app_init ] --END-- [ RunTime:0.000252s ]
ERR: 无法加载模块:Index.php

[ 2016-12-23T11:09:54+08:00 ] 183.197.99.155 /index.php?s=/index.php/admin/index/index.html
INFO: [ app_init ] --START--
INFO: Run Behavior\BuildLiteBehavior [ RunTime:0.000016s ]
INFO: [ app_init ] --END-- [ RunTime:0.000303s ]
ERR: 无法加载模块:Index.php

[ 2016-12-23T11:12:09+08:00 ] 183.197.99.155 /index.php?s=/index.php/admin/index/index.html
INFO: [ app_init ] --START--
INFO: Run Behavior\BuildLiteBehavior [ RunTime:0.000012s ]
INFO: [ app_init ] --END-- [ RunTime:0.000301s ]
ERR: 无法加载模块:Index.php

[ 2016-12-23T11:17:16+08:00 ] 183.197.99.155 /index.php?s=/index.php/admin/index/index.html
INFO: [ app_init ] --START--
INFO: Run Behavior\BuildLiteBehavior [ RunTime:0.000013s ]
INFO: [ app_init ] --END-- [ RunTime:0.000268s ]
ERR: 无法加载模块:Index.php

[ 2016-12-23T11:20:11+08:00 ] 183.197.99.155 /index.php?s=/index.php/admin/index/index.html
INFO: [ app_init ] --START--
INFO: Run Behavior\BuildLiteBehavior [ RunTime:0.000012s ]
INFO: [ app_init ] --END-- [ RunTime:0.000247s ]
ERR: 无法加载模块:Index.php

[ 2016-12-23T11:25:58+08:00 ] 183.197.99.155 /index.php?s=/index.php/admin/log/logout.html
INFO: [ app_init ] --START--
INFO: Run Behavior\BuildLiteBehavior [ RunTime:0.000012s ]
INFO: [ app_init ] --END-- [ RunTime:0.000253s ]
ERR: 无法加载模块:Index.php

[ 2016-12-23T11:28:30+08:00 ] 183.197.99.155 /index.php?s=/index.php/admin/log/logout.html
INFO: [ app_init ] --START--
INFO: Run Behavior\BuildLiteBehavior [ RunTime:0.000014s ]
INFO: [ app_init ] --END-- [ RunTime:0.000367s ]
ERR: 无法加载模块:Index.php

[ 2016-12-23T12:16:31+08:00 ] 101.226.68.197 /index.php/weixin/weixin/login?code%2525253D021pgK2T0o4feU1BS42T0c2L2T0pgK2L%25252526state%2525253D3
INFO: [ app_init ] --START--
INFO: Run Behavior\BuildLiteBehavior [ RunTime:0.000016s ]
INFO: [ app_init ] --END-- [ RunTime:0.000334s ]
ERR: 无法加载模块:Weixin

[ 2016-12-23T13:50:51+08:00 ] 61.151.228.22 /index.php/index.js.map
INFO: [ app_init ] --START--
INFO: Run Behavior\BuildLiteBehavior [ RunTime:0.000014s ]
INFO: [ app_init ] --END-- [ RunTime:0.000288s ]
ERR: 无法加载模块:Index.js

[ 2016-12-23T17:44:06+08:00 ] 183.57.53.222 /index.php/weixin/weixin/login?code%252525253D021pgK2T0o4feU1BS42T0c2L2T0pgK2L%2525252526state%252525253D3
INFO: [ app_init ] --START--
INFO: Run Behavior\BuildLiteBehavior [ RunTime:0.000019s ]
INFO: [ app_init ] --END-- [ RunTime:0.000378s ]
ERR: 无法加载模块:Weixin

[ 2016-12-23T17:44:15+08:00 ] 180.153.163.190 /index.php/weixin/weixin/login?code%252525253D021pgK2T0o4feU1BS42T0c2L2T0pgK2L%2525252526state%252525253D3
INFO: [ app_init ] --START--
INFO: Run Behavior\BuildLiteBehavior [ RunTime:0.000026s ]
INFO: [ app_init ] --END-- [ RunTime:0.000273s ]
ERR: 无法加载模块:Weixin

