[ 2016-12-26T00:40:46+08:00 ] 180.153.214.188 /index.php?s=/index.php/admin/log/login.html
INFO: [ app_init ] --START--
INFO: Run Behavior\BuildLiteBehavior [ RunTime:0.000012s ]
INFO: [ app_init ] --END-- [ RunTime:0.000246s ]
ERR: 无法加载模块:Index.php

[ 2016-12-26T01:44:49+08:00 ] 117.185.27.115 /index.php/old/admin
INFO: [ app_init ] --START--
INFO: Run Behavior\BuildLiteBehavior [ RunTime:0.000011s ]
INFO: [ app_init ] --END-- [ RunTime:0.000247s ]
ERR: 无法加载模块:Old

[ 2016-12-26T09:38:49+08:00 ] 211.82.244.6 /index.php?s=/index.php/admin/log/login.html
INFO: [ app_init ] --START--
INFO: Run Behavior\BuildLiteBehavior [ RunTime:0.000017s ]
INFO: [ app_init ] --END-- [ RunTime:0.000318s ]
ERR: 无法加载模块:Index.php

[ 2016-12-26T09:39:12+08:00 ] 211.82.244.6 /index.php?s=/index.php/admin/log/login.html
INFO: [ app_init ] --START--
INFO: Run Behavior\BuildLiteBehavior [ RunTime:0.000017s ]
INFO: [ app_init ] --END-- [ RunTime:0.000438s ]
ERR: 无法加载模块:Index.php

[ 2016-12-26T09:39:48+08:00 ] 183.197.99.52 /index.php?s=/index.php/admin/log/login.html
INFO: [ app_init ] --START--
INFO: Run Behavior\BuildLiteBehavior [ RunTime:0.000014s ]
INFO: [ app_init ] --END-- [ RunTime:0.000357s ]
ERR: 无法加载模块:Index.php

[ 2016-12-26T09:54:03+08:00 ] 140.207.185.112 /index.php?s=/index.php/admin/log/login.html
INFO: [ app_init ] --START--
INFO: Run Behavior\BuildLiteBehavior [ RunTime:0.000012s ]
INFO: [ app_init ] --END-- [ RunTime:0.000378s ]
ERR: 无法加载模块:Index.php

[ 2016-12-26T09:54:15+08:00 ] 180.115.174.117 /index.php?s=/index.php/admin/log/login.html
INFO: [ app_init ] --START--
INFO: Run Behavior\BuildLiteBehavior [ RunTime:0.000014s ]
INFO: [ app_init ] --END-- [ RunTime:0.000277s ]
ERR: 无法加载模块:Index.php

